<?xml version="1.0" encoding="UTF-8"?>
<testsuite name="com.it.TestMy1" tests="1" skipped="0" failures="0" errors="0" timestamp="2019-12-22T09:17:48" hostname="DESKTOP-UG4RM4C" time="0.005">
  <properties/>
  <testcase name="test3" classname="com.it.TestMy1" time="0.005"/>
  <system-out><![CDATA[@BeforeClass
Before
After
AfterClass()
]]></system-out>
  <system-err><![CDATA[]]></system-err>
</testsuite>
